# JRE version: Java(TM) SE Runtime Environment (17.0.1+12) (build 17.0.1+12-LTS-39)
# Java VM: Java HotSpot(TM) 64-Bit Server VM (17.0.1+12-LTS-39, mixed mode, sharing, tiered, compressed oops, compressed class ptrs, g1 gc, windows-amd64)
GC Precious Log:
 CPUs: 20 total, 20 available
 Memory: 16263M
 Large Page Support: Disabled
 NUMA Support: Disabled
 Compressed Oops: Enabled (32-bit)
 Heap Region Size: 1M
 Heap Min Capacity: 256M
 Heap Initial Capacity: 256M
 Heap Max Capacity: 512M
 Pre-touch: Disabled
 Parallel Workers: 15
 Concurrent Workers: 4
 Concurrent Refinement Workers: 15
 Periodic GC: Disabled
Heap:
 garbage-first heap   total 263168K, used 226576K [0x00000000e0000000, 0x0000000100000000)
  region size 1024K, 110 young (112640K), 9 survivors (9216K)
 Metaspace       used 41425K, committed 41856K, reserved 253952K
  class space    used 5702K, committed 5888K, reserved 212992K
GC Heap History (20 events):
Event: 9.237 GC heap after
{Heap after GC invocations=60 (full 0):
 garbage-first heap   total 263168K, used 118474K [0x00000000e0000000, 0x0000000100000000)
  region size 1024K, 2 young (2048K), 2 survivors (2048K)
 Metaspace       used 41424K, committed 41856K, reserved 253952K
  class space    used 5701K, committed 5888K, reserved 212992K
}
Event: 9.362 GC heap before
{Heap before GC invocations=60 (full 0):
 garbage-first heap   total 263168K, used 231114K [0x00000000e0000000, 0x0000000100000000)
  region size 1024K, 112 young (114688K), 2 survivors (2048K)
 Metaspace       used 41425K, committed 41856K, reserved 253952K
  class space    used 5702K, committed 5888K, reserved 212992K
}
Event: 9.363 GC heap after
{Heap after GC invocations=61 (full 0):
 garbage-first heap   total 263168K, used 118601K [0x00000000e0000000, 0x0000000100000000)
  region size 1024K, 2 young (2048K), 2 survivors (2048K)
 Metaspace       used 41425K, committed 41856K, reserved 253952K
  class space    used 5702K, committed 5888K, reserved 212992K
}
Event: 9.495 GC heap before
{Heap before GC invocations=61 (full 0):
 garbage-first heap   total 263168K, used 231241K [0x00000000e0000000, 0x0000000100000000)
  region size 1024K, 112 young (114688K), 2 survivors (2048K)
 Metaspace       used 41425K, committed 41856K, reserved 253952K
  class space    used 5702K, committed 5888K, reserved 212992K
}
Event: 9.496 GC heap after
{Heap after GC invocations=62 (full 0):
 garbage-first heap   total 263168K, used 119900K [0x00000000e0000000, 0x0000000100000000)
  region size 1024K, 3 young (3072K), 3 survivors (3072K)
 Metaspace       used 41425K, committed 41856K, reserved 253952K
  class space    used 5702K, committed 5888K, reserved 212992K
}
Event: 9.560 GC heap before
{Heap before GC invocations=62 (full 0):
 garbage-first heap   total 263168K, used 171100K [0x00000000e0000000, 0x0000000100000000)
  region size 1024K, 54 young (55296K), 3 survivors (3072K)
 Metaspace       used 41425K, committed 41856K, reserved 253952K
  class space    used 5702K, committed 5888K, reserved 212992K
}
Event: 9.562 GC heap after
{Heap after GC invocations=63 (full 0):
 garbage-first heap   total 263168K, used 120295K [0x00000000e0000000, 0x0000000100000000)
  region size 1024K, 3 young (3072K), 3 survivors (3072K)
 Metaspace       used 41425K, committed 41856K, reserved 253952K
  class space    used 5702K, committed 5888K, reserved 212992K
}
Event: 9.782 GC heap before
{Heap before GC invocations=63 (full 0):
 garbage-first heap   total 263168K, used 236007K [0x00000000e0000000, 0x0000000100000000)
  region size 1024K, 113 young (115712K), 3 survivors (3072K)
 Metaspace       used 41425K, committed 41856K, reserved 253952K
  class space    used 5702K, committed 5888K, reserved 212992K
}
Event: 9.784 GC heap after
{Heap after GC invocations=64 (full 0):
 garbage-first heap   total 263168K, used 117664K [0x00000000e0000000, 0x0000000100000000)
  region size 1024K, 4 young (4096K), 4 survivors (4096K)
 Metaspace       used 41425K, committed 41856K, reserved 253952K
  class space    used 5702K, committed 5888K, reserved 212992K
}
Event: 9.931 GC heap before
{Heap before GC invocations=64 (full 0):
 garbage-first heap   total 263168K, used 231328K [0x00000000e0000000, 0x0000000100000000)
  region size 1024K, 115 young (117760K), 4 survivors (4096K)
 Metaspace       used 41425K, committed 41856K, reserved 253952K
  class space    used 5702K, committed 5888K, reserved 212992K
}
Event: 9.933 GC heap after
{Heap after GC invocations=65 (full 0):
 garbage-first heap   total 263168K, used 118849K [0x00000000e0000000, 0x0000000100000000)
  region size 1024K, 5 young (5120K), 5 survivors (5120K)
 Metaspace       used 41425K, committed 41856K, reserved 253952K
  class space    used 5702K, committed 5888K, reserved 212992K
}
Event: 10.071 GC heap before
{Heap before GC invocations=65 (full 0):
 garbage-first heap   total 263168K, used 230465K [0x00000000e0000000, 0x0000000100000000)
  region size 1024K, 114 young (116736K), 5 survivors (5120K)
 Metaspace       used 41425K, committed 41856K, reserved 253952K
  class space    used 5702K, committed 5888K, reserved 212992K
}
Event: 10.074 GC heap after
{Heap after GC invocations=66 (full 0):
 garbage-first heap   total 263168K, used 119900K [0x00000000e0000000, 0x0000000100000000)
  region size 1024K, 6 young (6144K), 6 survivors (6144K)
 Metaspace       used 41425K, committed 41856K, reserved 253952K
  class space    used 5702K, committed 5888K, reserved 212992K
}
Event: 10.200 GC heap before
{Heap before GC invocations=66 (full 0):
 garbage-first heap   total 263168K, used 230492K [0x00000000e0000000, 0x0000000100000000)
  region size 1024K, 113 young (115712K), 6 survivors (6144K)
 Metaspace       used 41425K, committed 41856K, reserved 253952K
  class space    used 5702K, committed 5888K, reserved 212992K
}
Event: 10.203 GC heap after
{Heap after GC invocations=67 (full 0):
 garbage-first heap   total 263168K, used 120612K [0x00000000e0000000, 0x0000000100000000)
  region size 1024K, 7 young (7168K), 7 survivors (7168K)
 Metaspace       used 41425K, committed 41856K, reserved 253952K
  class space    used 5702K, committed 5888K, reserved 212992K
}
Event: 10.353 GC heap before
{Heap before GC invocations=67 (full 0):
 garbage-first heap   total 263168K, used 230180K [0x00000000e0000000, 0x0000000100000000)
  region size 1024K, 112 young (114688K), 7 survivors (7168K)
 Metaspace       used 41425K, committed 41856K, reserved 253952K
  class space    used 5702K, committed 5888K, reserved 212992K
}
Event: 10.357 GC heap after
{Heap after GC invocations=68 (full 0):
 garbage-first heap   total 263168K, used 121667K [0x00000000e0000000, 0x0000000100000000)
  region size 1024K, 8 young (8192K), 8 survivors (8192K)
 Metaspace       used 41425K, committed 41856K, reserved 253952K
  class space    used 5702K, committed 5888K, reserved 212992K
}
Event: 10.508 GC heap before
{Heap before GC invocations=68 (full 0):
 garbage-first heap   total 263168K, used 230211K [0x00000000e0000000, 0x0000000100000000)
  region size 1024K, 111 young (113664K), 8 survivors (8192K)
 Metaspace       used 41425K, committed 41856K, reserved 253952K
  class space    used 5702K, committed 5888K, reserved 212992K
}
Event: 10.513 GC heap after
{Heap after GC invocations=69 (full 0):
 garbage-first heap   total 263168K, used 123152K [0x00000000e0000000, 0x0000000100000000)
  region size 1024K, 9 young (9216K), 9 survivors (9216K)
 Metaspace       used 41425K, committed 41856K, reserved 253952K
  class space    used 5702K, committed 5888K, reserved 212992K
}
Event: 10.640 GC heap before
{Heap before GC invocations=69 (full 0):
 garbage-first heap   total 263168K, used 226576K [0x00000000e0000000, 0x0000000100000000)
  region size 1024K, 110 young (112640K), 9 survivors (9216K)
 Metaspace       used 41425K, committed 41856K, reserved 253952K
  class space    used 5702K, committed 5888K, reserved 212992K
}

